This is pdfTeX, Version 3.141592653-2.6-1.40.22 (TeX Live 2022/dev/Debian) (preloaded format=pdflatex 2023.6.22)  25 JUN 2023 18:00
entering extended mode
 restricted \write18 enabled.
 %&-line parsing enabled.
**samplepaper.tex
(./samplepaper.tex
LaTeX2e <2021-11-15> patch level 1
L3 programming layer <2022-01-21> (./llncs.cls
Document Class: llncs 2022/09/05 v2.22 
 LaTeX document class for Lecture Notes in Computer Science
(/usr/share/texlive/texmf-dist/tex/latex/base/article.cls
Document Class: article 2021/10/04 v1.4n Standard LaTeX document class
(/usr/share/texlive/texmf-dist/tex/latex/base/size10.clo
File: size10.clo 2021/10/04 v1.4n Standard LaTeX file (size option)
)
\c@part=\count185
\c@section=\count186
\c@subsection=\count187
\c@subsubsection=\count188
\c@paragraph=\count189
\c@subparagraph=\count190
\c@figure=\count191
\c@table=\count192
\abovecaptionskip=\skip47
\belowcaptionskip=\skip48
\bibindent=\dimen138
)
(/usr/share/texlive/texmf-dist/tex/latex/tools/multicol.sty
Package: multicol 2021/10/28 v1.9b multicolumn formatting (FMi)
\c@tracingmulticols=\count193
\mult@box=\box50
\multicol@leftmargin=\dimen139
\c@unbalance=\count194
\c@collectmore=\count195
\doublecol@number=\count196
\multicoltolerance=\count197
\multicolpretolerance=\count198
\full@width=\dimen140
\page@free=\dimen141
\premulticols=\dimen142
\postmulticols=\dimen143
\multicolsep=\skip49
\multicolbaselineskip=\skip50
\partial@page=\box51
\last@line=\box52
\maxbalancingoverflow=\dimen144
\mult@rightbox=\box53
\mult@grightbox=\box54
\mult@firstbox=\box55
\mult@gfirstbox=\box56
\@tempa=\box57
\@tempa=\box58
\@tempa=\box59
\@tempa=\box60
\@tempa=\box61
\@tempa=\box62
\@tempa=\box63
\@tempa=\box64
\@tempa=\box65
\@tempa=\box66
\@tempa=\box67
\@tempa=\box68
\@tempa=\box69
\@tempa=\box70
\@tempa=\box71
\@tempa=\box72
\@tempa=\box73
\@tempa=\box74
\@tempa=\box75
\@tempa=\box76
\@tempa=\box77
\@tempa=\box78
\@tempa=\box79
\@tempa=\box80
\@tempa=\box81
\@tempa=\box82
\@tempa=\box83
\@tempa=\box84
\@tempa=\box85
\@tempa=\box86
\@tempa=\box87
\@tempa=\box88
\@tempa=\box89
\@tempa=\box90
\@tempa=\box91
\@tempa=\box92
\c@minrows=\count199
\c@columnbadness=\count266
\c@finalcolumnbadness=\count267
\last@try=\dimen145
\multicolovershoot=\dimen146
\multicolundershoot=\dimen147
\mult@nat@firstbox=\box93
\colbreak@box=\box94
\mc@col@check@num=\count268
)
(/usr/share/texlive/texmf-dist/tex/latex/oberdiek/aliascnt.sty
Package: aliascnt 2018/09/07 v1.5 Alias counters (HO)
)
\c@chapter=\count269
LaTeX Font Info:    Redeclaring math symbol \Gamma on input line 362.
LaTeX Font Info:    Redeclaring math symbol \Delta on input line 363.
LaTeX Font Info:    Redeclaring math symbol \Theta on input line 364.
LaTeX Font Info:    Redeclaring math symbol \Lambda on input line 365.
LaTeX Font Info:    Redeclaring math symbol \Xi on input line 366.
LaTeX Font Info:    Redeclaring math symbol \Pi on input line 367.
LaTeX Font Info:    Redeclaring math symbol \Sigma on input line 368.
LaTeX Font Info:    Redeclaring math symbol \Upsilon on input line 369.
LaTeX Font Info:    Redeclaring math symbol \Phi on input line 370.
LaTeX Font Info:    Redeclaring math symbol \Psi on input line 371.
LaTeX Font Info:    Redeclaring math symbol \Omega on input line 372.
LaTeX Info: Redefining \vec on input line 377.
\tocchpnum=\dimen148
\tocsecnum=\dimen149
\tocsectotal=\dimen150
\tocsubsecnum=\dimen151
\tocsubsectotal=\dimen152
\tocsubsubsecnum=\dimen153
\tocsubsubsectotal=\dimen154
\tocparanum=\dimen155
\tocparatotal=\dimen156
\tocsubparanum=\dimen157
\@tempcntc=\count270
\fnindent=\dimen158
\c@@inst=\count271
\c@@auth=\count272
\c@auco=\count273
\instindent=\dimen159
\authrun=\box95
\authorrunning=\toks16
\tocauthor=\toks17
\titrun=\box96
\titlerunning=\toks18
\toctitle=\toks19
\c@theorem=\count274
\c@case=\count275
\c@conjecture=\count276
\c@corollary=\count277
\c@definition=\count278
\c@example=\count279
\c@exercise=\count280
\c@lemma=\count281
\c@note=\count282
\c@problem=\count283
\c@property=\count284
\c@proposition=\count285
\c@question=\count286
\c@solution=\count287
\c@remark=\count288
\headlineindent=\dimen160
)
(/usr/share/texlive/texmf-dist/tex/latex/base/fontenc.sty
Package: fontenc 2021/04/29 v2.0v Standard LaTeX package
)
(/usr/share/texlive/texmf-dist/tex/latex/graphics/graphicx.sty
Package: graphicx 2021/09/16 v1.2d Enhanced LaTeX Graphics (DPC,SPQR)

(/usr/share/texlive/texmf-dist/tex/latex/graphics/keyval.sty
Package: keyval 2014/10/28 v1.15 key=value parser (DPC)
\KV@toks@=\toks20
)
(/usr/share/texlive/texmf-dist/tex/latex/graphics/graphics.sty
Package: graphics 2021/03/04 v1.4d Standard LaTeX Graphics (DPC,SPQR)

(/usr/share/texlive/texmf-dist/tex/latex/graphics/trig.sty
Package: trig 2021/08/11 v1.11 sin cos tan (DPC)
)
(/usr/share/texlive/texmf-dist/tex/latex/graphics-cfg/graphics.cfg
File: graphics.cfg 2016/06/04 v1.11 sample graphics configuration
)
Package graphics Info: Driver file: pdftex.def on input line 107.

(/usr/share/texlive/texmf-dist/tex/latex/graphics-def/pdftex.def
File: pdftex.def 2020/10/05 v1.2a Graphics/color driver for pdftex
))
\Gin@req@height=\dimen161
\Gin@req@width=\dimen162
)
(/usr/share/texlive/texmf-dist/tex/latex/l3backend/l3backend-pdftex.def
File: l3backend-pdftex.def 2022-01-12 L3 backend support: PDF output (pdfTeX)
\l__color_backend_stack_int=\count289
\l__pdf_internal_box=\box97
)
(./samplepaper.aux)
\openout1 = `samplepaper.aux'.

LaTeX Font Info:    Checking defaults for OML/cmm/m/it on input line 11.
LaTeX Font Info:    ... okay on input line 11.
LaTeX Font Info:    Checking defaults for OMS/cmsy/m/n on input line 11.
LaTeX Font Info:    ... okay on input line 11.
LaTeX Font Info:    Checking defaults for OT1/cmr/m/n on input line 11.
LaTeX Font Info:    ... okay on input line 11.
LaTeX Font Info:    Checking defaults for T1/cmr/m/n on input line 11.
LaTeX Font Info:    ... okay on input line 11.
LaTeX Font Info:    Checking defaults for TS1/cmr/m/n on input line 11.
LaTeX Font Info:    ... okay on input line 11.
LaTeX Font Info:    Checking defaults for OMX/cmex/m/n on input line 11.
LaTeX Font Info:    ... okay on input line 11.
LaTeX Font Info:    Checking defaults for U/cmr/m/n on input line 11.
LaTeX Font Info:    ... okay on input line 11.

(/usr/share/texlive/texmf-dist/tex/context/base/mkii/supp-pdf.mkii
[Loading MPS to PDF converter (version 2006.09.02).]
\scratchcounter=\count290
\scratchdimen=\dimen163
\scratchbox=\box98
\nofMPsegments=\count291
\nofMParguments=\count292
\everyMPshowfont=\toks21
\MPscratchCnt=\count293
\MPscratchDim=\dimen164
\MPnumerator=\count294
\makeMPintoPDFobject=\count295
\everyMPtoPDFconversion=\toks22
) (/usr/share/texlive/texmf-dist/tex/latex/epstopdf-pkg/epstopdf-base.sty
Package: epstopdf-base 2020-01-24 v2.11 Base part for package epstopdf
Package epstopdf-base Info: Redefining graphics rule for `.eps' on input line 4
85.

(/usr/share/texlive/texmf-dist/tex/latex/latexconfig/epstopdf-sys.cfg
File: epstopdf-sys.cfg 2010/07/13 v1.3 Configuration of (r)epstopdf for TeX Liv
e
))
LaTeX Font Info:    External font `cmex10' loaded for size
(Font)              <7> on input line 29.
LaTeX Font Info:    External font `cmex10' loaded for size
(Font)              <5> on input line 29.

(./text/introduction.tex) (./text/related_work.tex [1

{/var/lib/texmf/fonts/map/pdftex/updmap/pdftex.map}]

LaTeX Warning: Citation `attention' on page 2 undefined on input line 21.

[2]

LaTeX Warning: Citation `gpt1' on page 3 undefined on input line 23.

) (./text/methods.tex [3]) [4] (./text/results_and_discussion.tex)
(./text/conclusions_and_implications.tex) (./text/reviewer_perspective.tex

LaTeX Warning: Citation ` p. 665' on page 5 undefined on input line 13.


LaTeX Warning: Citation ` p. 665' on page 5 undefined on input line 14.

) [5] (./text/future_work.tex)
LaTeX Font Info:    External font `cmex10' loaded for size
(Font)              <9> on input line 73.
LaTeX Font Info:    External font `cmex10' loaded for size
(Font)              <6> on input line 73.
Package epstopdf Info: Source file: <fig1.eps>
(epstopdf)                    date: 2023-06-22 11:32:23
(epstopdf)                    size: 357553 bytes
(epstopdf)             Output file: <fig1-eps-converted-to.pdf>
(epstopdf)                    date: 2023-06-22 11:32:23
(epstopdf)                    size: 26206 bytes
(epstopdf)             Command: <repstopdf --outfile=fig1-eps-converted-to.pdf 
fig1.eps>
(epstopdf)             \includegraphics on input line 97.
Package epstopdf Info: Output file is already uptodate.
<fig1-eps-converted-to.pdf, id=24, 345.29pt x 142.5325pt>
File: fig1-eps-converted-to.pdf Graphic file (type pdf)
<use fig1-eps-converted-to.pdf>
Package pdftex.def Info: fig1-eps-converted-to.pdf  used on input line 97.
(pdftex.def)             Requested size: 347.12354pt x 143.29115pt.
 [6] (./samplepaper.bbl
Underfull \hbox (badness 10000) in paragraph at lines 7--11
[]\T1/cmr/m/n/9 Baron-Cohen, S., Leslie, A.M., Frith, U.: Does the autis-
 []


Underfull \hbox (badness 10000) in paragraph at lines 7--11
\T1/cmr/m/n/9 tic child have a ^^Pthe-ory of mind^^Q ? Cog-ni-tion \T1/cmr/bx/n
/9 21\T1/cmr/m/n/9 (1), 37--46
 []


Underfull \hbox (badness 10000) in paragraph at lines 7--11
\T1/cmr/m/n/9 (1985). https://doi.org/https://doi.org/10.1016/0010-0277(85)9002
2-8,
 []


Underfull \hbox (badness 10000) in paragraph at lines 21--26
[]\T1/cmr/m/n/9 Perner, J., Leekam, S.R., Wim-mer, H.: Three-year-olds' dif-fi-

 []


Underfull \hbox (badness 10000) in paragraph at lines 21--26
\T1/cmr/m/n/9 culty with false be-lief: The case for a con-cep-tual deficit. Br
itish
 []


Underfull \hbox (badness 10000) in paragraph at lines 21--26
\T1/cmr/m/n/9 Jour-nal of De-vel-op-men-tal Psy-chol-ogy \T1/cmr/bx/n/9 5\T1/cm
r/m/n/9 (2), 125--137 (1987).
 []


Underfull \hbox (badness 10000) in paragraph at lines 21--26
\T1/cmr/m/n/9 https://doi.org/https://doi.org/10.1111/j.2044-835X.1987.tb01048.
x,
 []


Underfull \hbox (badness 10000) in paragraph at lines 21--26
\T1/cmr/m/n/9 https://bpspsychub.onlinelibrary.wiley.com/doi/abs/10.1111/j.2044
-
 []

[7 <./fig1-eps-converted-to.pdf>]
Underfull \hbox (badness 5231) in paragraph at lines 28--32
[]\T1/cmr/m/n/9 Wellman, H.M., Cross, D., Wat-son, J.: Meta-analysis of theory-
of-mind
 []


Underfull \hbox (badness 10000) in paragraph at lines 28--32
\T1/cmr/m/n/9 de-vel-op-ment: The truth about false be-lief. Child De-vel-op-me
nt \T1/cmr/bx/n/9 72\T1/cmr/m/n/9 (3),
 []


Underfull \hbox (badness 10000) in paragraph at lines 28--32
\T1/cmr/m/n/9 655--684 (2001). https://doi.org/https://doi.org/10.1111/1467-862
4.00304,
 []


Underfull \hbox (badness 10000) in paragraph at lines 34--39
[]\T1/cmr/m/n/9 Wimmer, H., Perner, J.: Be-liefs about be-liefs: Rep-re-sen-ta-

 []


Underfull \hbox (badness 10000) in paragraph at lines 34--39
\T1/cmr/m/n/9 tion and con-strain-ing func-tion of wrong be-liefs in young chil
-
 []


Underfull \hbox (badness 10000) in paragraph at lines 34--39
\T1/cmr/m/n/9 dren's un-der-stand-ing of de-cep-tion. Cog-ni-tion \T1/cmr/bx/n/
9 13\T1/cmr/m/n/9 (1), 103--128
 []


Underfull \hbox (badness 10000) in paragraph at lines 34--39
\T1/cmr/m/n/9 (1983). https://doi.org/https://doi.org/10.1016/0010-0277(83)9000
4-5,
 []

) [8] (./samplepaper.aux)

LaTeX Warning: Label(s) may have changed. Rerun to get cross-references right.

 ) 
Here is how much of TeX's memory you used:
 2043 strings out of 480204
 30535 string characters out of 5895010
 327820 words of memory out of 5000000
 19984 multiletter control sequences out of 15000+600000
 478954 words of font info for 45 fonts, out of 8000000 for 9000
 36 hyphenation exceptions out of 8191
 55i,9n,62p,1544b,314s stack positions out of 5000i,500n,10000p,200000b,80000s
 </home/guntherubuntu/.texlive2021/texmf-var/fonts/pk/ljfour/jknappen/ec/ecti
0900.600pk> </home/guntherubuntu/.texlive2021/texmf-var/fonts/pk/ljfour/jknappe
n/ec/ecbx1440.600pk> </home/guntherubuntu/.texlive2021/texmf-var/fonts/pk/ljfou
r/jknappen/ec/ecti1000.600pk> </home/guntherubuntu/.texlive2021/texmf-var/fonts
/pk/ljfour/jknappen/ec/tcrm0900.600pk> </home/guntherubuntu/.texlive2021/texmf-
var/fonts/pk/ljfour/jknappen/ec/ecbx0900.600pk> </home/guntherubuntu/.texlive20
21/texmf-var/fonts/pk/ljfour/jknappen/ec/ecrm0900.600pk> </home/guntherubuntu/.
texlive2021/texmf-var/fonts/pk/ljfour/jknappen/ec/ecrm1000.600pk> </home/gunthe
rubuntu/.texlive2021/texmf-var/fonts/pk/ljfour/jknappen/ec/ecbx1000.600pk> </ho
me/guntherubuntu/.texlive2021/texmf-var/fonts/pk/ljfour/jknappen/ec/ecbx1200.60
0pk></usr/share/texlive/texmf-dist/fonts/type1/public/amsfonts/cm/cmmi10.pfb></
usr/share/texlive/texmf-dist/fonts/type1/public/amsfonts/cm/cmr10.pfb>
Output written on samplepaper.pdf (8 pages, 151526 bytes).
PDF statistics:
 415 PDF objects out of 1000 (max. 8388607)
 69 compressed objects within 1 object stream
 0 named destinations out of 1000 (max. 500000)
 6 words of extra memory for PDF output out of 10000 (max. 10000000)

